<?xml version="1.0" encoding="UTF-8"?>
<testsuite xmlns:xsi="http://www.w3.org/2001/XMLSchema-instance" xsi:noNamespaceSchemaLocation="https://maven.apache.org/surefire/maven-surefire-plugin/xsd/surefire-test-report-3.0.xsd" version="3.0" name="com.example.QuantityMeasurementAppTest" time="0.123" tests="95" errors="0" skipped="0" failures="0">
  <properties>
[...]
</properties>
  <testcase name="testAddition_ExplicitTargetUnit_SameAsFirstOperand" classname="com.example.QuantityMeasurementAppTest" time="0.017"/>
  <testcase name="testConversion_SameUnitInch" classname="com.example.QuantityMeasurementAppTest" time="0.002"/>
  <testcase name="testConversion_FeetToYards" classname="com.example.QuantityMeasurementAppTest" time="0.001"/>
  <testcase name="testEquality_YardToFeet_NonEquivalentValue" classname="com.example.QuantityMeasurementAppTest" time="0.002"/>
  <testcase name="testLengthUnitEnum_YardsConstant" classname="com.example.QuantityMeasurementAppTest" time="0.001"/>
  <testcase name="testBaseUnitConversions_Accuracy" classname="com.example.QuantityMeasurementAppTest" time="0.001"/>
  <testcase name="testConversion_RoundTrip_FeetInches" classname="com.example.QuantityMeasurementAppTest" time="0.001"/>
  <testcase name="testWeightAddition_ExplicitTarget" classname="com.example.QuantityMeasurementAppTest" time="0.002"/>
  <testcase name="testConvertToBaseUnit_FeetToFeet" classname="com.example.QuantityMeasurementAppTest" time="0"/>
  <testcase name="testAddition_ExplicitTargetUnit_SmallToLargeScale" classname="com.example.QuantityMeasurementAppTest" time="0"/>
  <testcase name="testAddition_ExplicitTargetUnit_Commutativity" classname="com.example.QuantityMeasurementAppTest" time="0"/>
  <testcase name="testConversion_MultipleSequential" classname="com.example.QuantityMeasurementAppTest" time="0.001"/>
  <testcase name="testAddition_ExplicitTargetUnit_NullTargetUnit" classname="com.example.QuantityMeasurementAppTest" time="0.001"/>
  <testcase name="testRoundTripConversion_RefactoredDesign" classname="com.example.QuantityMeasurementAppTest" time="0.001"/>
  <testcase name="testQuantityLengthRefactored_InvalidValue" classname="com.example.QuantityMeasurementAppTest" time="0.001"/>
  <testcase name="testUnitDelegation_ConversionLogic" classname="com.example.QuantityMeasurementAppTest" time="0"/>
  <testcase name="testAddition_ExplicitTargetUnit_LargeToSmallScale" classname="com.example.QuantityMeasurementAppTest" time="0"/>
  <testcase name="testEquality_NonNumericInput" classname="com.example.QuantityMeasurementAppTest" time="0.001"/>
  <testcase name="testWeightEquality_PoundToKilogram" classname="com.example.QuantityMeasurementAppTest" time="0"/>
  <testcase name="testConversion_ZeroValue" classname="com.example.QuantityMeasurementAppTest" time="0"/>
  <testcase name="testConversion_ZeroYards" classname="com.example.QuantityMeasurementAppTest" time="0.001"/>
  <testcase name="testWeightConversion_PoundToKilogram" classname="com.example.QuantityMeasurementAppTest" time="0"/>
  <testcase name="testToString" classname="com.example.QuantityMeasurementAppTest" time="0.002"/>
  <testcase name="testAddition_ExplicitTargetUnit_PrecisionTolerance" classname="com.example.QuantityMeasurementAppTest" time="0"/>
  <testcase name="testEquality_TransitiveProperty" classname="com.example.QuantityMeasurementAppTest" time="0.001"/>
  <testcase name="testEquality_NullUnit" classname="com.example.QuantityMeasurementAppTest" time="0.001"/>
  <testcase name="testEquality_YardToInches_EquivalentValue" classname="com.example.QuantityMeasurementAppTest" time="0"/>
  <testcase name="testQuantityLengthRefactored_Add" classname="com.example.QuantityMeasurementAppTest" time="0"/>
  <testcase name="testQuantityLengthRefactored_AddWithTargetUnit" classname="com.example.QuantityMeasurementAppTest" time="0"/>
  <testcase name="testConversion_NegativeValue" classname="com.example.QuantityMeasurementAppTest" time="0.001"/>
  <testcase name="testConversion_NegativeYards" classname="com.example.QuantityMeasurementAppTest" time="0.001"/>
  <testcase name="testAddition_ExplicitTargetUnit_WithZero" classname="com.example.QuantityMeasurementAppTest" time="0.001"/>
  <testcase name="testConversion_InstanceMethod_FeetToInches" classname="com.example.QuantityMeasurementAppTest" time="0.001"/>
  <testcase name="testWeightAddition_ImplicitTarget" classname="com.example.QuantityMeasurementAppTest" time="0"/>
  <testcase name="testConvertFromBaseUnit_FeetToCentimeters" classname="com.example.QuantityMeasurementAppTest" time="0.001"/>
  <testcase name="testEquality_InchToFeet_EquivalentValue" classname="com.example.QuantityMeasurementAppTest" time="0.001"/>
  <testcase name="testEquality_YardToFeet_EquivalentValue" classname="com.example.QuantityMeasurementAppTest" time="0"/>
  <testcase name="testConversion_RoundTrip_CentimetersInches" classname="com.example.QuantityMeasurementAppTest" time="0.001"/>
  <testcase name="testConvertToBaseUnit_YardsToFeet" classname="com.example.QuantityMeasurementAppTest" time="0"/>
  <testcase name="testPrecisionMaintenance_RefactoredDesign" classname="com.example.QuantityMeasurementAppTest" time="0.001"/>
  <testcase name="testEquality_CentimeterToInches_EquivalentValue" classname="com.example.QuantityMeasurementAppTest" time="0"/>
  <testcase name="testConversion_InstanceMethod_NullUnit" classname="com.example.QuantityMeasurementAppTest" time="0.001"/>
  <testcase name="testEquality_CentimeterToFeet_NonEquivalentValue" classname="com.example.QuantityMeasurementAppTest" time="0.001"/>
  <testcase name="testEquality_ZeroValue" classname="com.example.QuantityMeasurementAppTest" time="0.001"/>
  <testcase name="testConversion_InvalidUnit_Null_Source" classname="com.example.QuantityMeasurementAppTest" time="0.001"/>
  <testcase name="testConversion_InvalidUnit_Null_Target" classname="com.example.QuantityMeasurementAppTest" time="0"/>
  <testcase name="testEquality_NegativeValue" classname="com.example.QuantityMeasurementAppTest" time="0.001"/>
  <testcase name="testWeightConversion_KilogramToGram" classname="com.example.QuantityMeasurementAppTest" time="0"/>
  <testcase name="testImmutability_ConvertTo" classname="com.example.QuantityMeasurementAppTest" time="0"/>
  <testcase name="testConvertToBaseUnit_InchesToFeet" classname="com.example.QuantityMeasurementAppTest" time="0"/>
  <testcase name="testConversion_YardsToFeet" classname="com.example.QuantityMeasurementAppTest" time="0"/>
  <testcase name="testWeightEquality_KilogramToGram" classname="com.example.QuantityMeasurementAppTest" time="0.001"/>
  <testcase name="testQuantityLengthRefactored_ConvertTo" classname="com.example.QuantityMeasurementAppTest" time="0"/>
  <testcase name="testEquality_YardToYard_SameValue" classname="com.example.QuantityMeasurementAppTest" time="0"/>
  <testcase name="testConvertFromBaseUnit_FeetToFeet" classname="com.example.QuantityMeasurementAppTest" time="0"/>
  <testcase name="testQuantityLengthRefactored_Equality" classname="com.example.QuantityMeasurementAppTest" time="0.001"/>
  <testcase name="testConvertFromBaseUnit_FeetToYards" classname="com.example.QuantityMeasurementAppTest" time="0.001"/>
  <testcase name="testConversion_FeetToInches" classname="com.example.QuantityMeasurementAppTest" time="0"/>
  <testcase name="testWeightValidation_NaNValue" classname="com.example.QuantityMeasurementAppTest" time="0.001"/>
  <testcase name="testEquality_MultiUnit_TransitiveProperty" classname="com.example.QuantityMeasurementAppTest" time="0"/>
  <testcase name="testAddition_Validation" classname="com.example.QuantityMeasurementAppTest" time="0.001"/>
  <testcase name="testAddition_SameUnit" classname="com.example.QuantityMeasurementAppTest" time="0.001"/>
  <testcase name="testEquality_SameValue" classname="com.example.QuantityMeasurementAppTest" time="0"/>
  <testcase name="testConversion_InstanceMethod_YardsToFeet" classname="com.example.QuantityMeasurementAppTest" time="0.002"/>
  <testcase name="testAddition_ExplicitTargetUnit_AllUnitCombinations" classname="com.example.QuantityMeasurementAppTest" time="0.001"/>
  <testcase name="testEquality_DifferentUnits" classname="com.example.QuantityMeasurementAppTest" time="0"/>
  <testcase name="testEquality_DifferentValue" classname="com.example.QuantityMeasurementAppTest" time="0"/>
  <testcase name="testConversion_InchesToYards" classname="com.example.QuantityMeasurementAppTest" time="0.001"/>
  <testcase name="testEquality_SameReference" classname="com.example.QuantityMeasurementAppTest" time="0"/>
  <testcase name="testLengthUnitEnum_CentimetersConstant" classname="com.example.QuantityMeasurementAppTest" time="0.001"/>
  <testcase name="testEquality_NullComparison" classname="com.example.QuantityMeasurementAppTest" time="0"/>
  <testcase name="testAddition_DefaultUnit" classname="com.example.QuantityMeasurementAppTest" time="0.001"/>
  <testcase name="testConvertFromBaseUnit_FeetToInches" classname="com.example.QuantityMeasurementAppTest" time="0"/>
  <testcase name="testLengthUnitEnum_InchesConstant" classname="com.example.QuantityMeasurementAppTest" time="0.001"/>
  <testcase name="testConversion_InvalidValue" classname="com.example.QuantityMeasurementAppTest" time="0.001"/>
  <testcase name="testWeightValidation_InfiniteValue" classname="com.example.QuantityMeasurementAppTest" time="0"/>
  <testcase name="testEquality_SymmetricProperty" classname="com.example.QuantityMeasurementAppTest" time="0.001"/>
  <testcase name="testConversion_RoundTrip_YardsFeet" classname="com.example.QuantityMeasurementAppTest" time="0"/>
  <testcase name="testConversion_SameUnit" classname="com.example.QuantityMeasurementAppTest" time="0.001"/>
  <testcase name="testConvertToBaseUnit_CentimetersToFeet" classname="com.example.QuantityMeasurementAppTest" time="0.001"/>
  <testcase name="testArchitecturalScalability_Pattern" classname="com.example.QuantityMeasurementAppTest" time="0.001"/>
  <testcase name="testConversion_InchesToFeet" classname="com.example.QuantityMeasurementAppTest" time="0"/>
  <testcase name="testWeightUnit_ConversionMethods" classname="com.example.QuantityMeasurementAppTest" time="0"/>
  <testcase name="testValueObjectSemantics_ConvertedEquality" classname="com.example.QuantityMeasurementAppTest" time="0.001"/>
  <testcase name="testEquality_InvalidValue" classname="com.example.QuantityMeasurementAppTest" time="0.001"/>
  <testcase name="testConversion_FeetToCentimeters" classname="com.example.QuantityMeasurementAppTest" time="0"/>
  <testcase name="testConversion_CentimetersToInches" classname="com.example.QuantityMeasurementAppTest" time="0.001"/>
  <testcase name="testConversion_CentimeterToInch" classname="com.example.QuantityMeasurementAppTest" time="0.001"/>
  <testcase name="testWeightValidation_NullUnit" classname="com.example.QuantityMeasurementAppTest" time="0.001"/>
  <testcase name="testAddition_ExplicitTargetUnit_NegativeValues" classname="com.example.QuantityMeasurementAppTest" time="0"/>
  <testcase name="testAddition_ExplicitTargetUnit_SameAsSecondOperand" classname="com.example.QuantityMeasurementAppTest" time="0.002"/>
  <testcase name="testLengthUnitEnum_FeetConstant" classname="com.example.QuantityMeasurementAppTest" time="0"/>
  <testcase name="testConversion_YardsToInches" classname="com.example.QuantityMeasurementAppTest" time="0.001"/>
  <testcase name="testAddition_CrossUnit" classname="com.example.QuantityMeasurementAppTest" time="0"/>
  <testcase name="testQuantityLengthRefactored_NullUnit" classname="com.example.QuantityMeasurementAppTest" time="0.001"/>
</testsuite>